Begin Time:2021-06-10T21:13:15.816
[2021-06-10T21:13:15.816 info Netsdk:48184 54960:29348 AVNetSDKMgr.cpp:378]Load avnetsdk library dynamically
[2021-06-10T21:13:15.851 info Netsdk:48184 54960:29348 AVNetSDKMgr.cpp:402]avnetsdk module handle: 0000000025D20000

[2021-06-10T21:13:15.851 info Netsdk:48184 54960:29348 AVNetSDKMgr.cpp:734]Load configsdk dynamically
[2021-06-10T21:13:15.858 info Netsdk:48184 54960:29348 dhnetsdk.cpp:190]Enter CLIENT_SetAutoReconnect:[cbAutoConnect=0000000022230050, dwUser=0000000000000000].
[2021-06-10T21:13:15.858 info Netsdk:48184 54960:29348 dhnetsdk.cpp:192]Leave CLIENT_SetAutoReconnect.
[2021-06-10T21:13:15.858 info Netsdk:48184 54960:29348 dhnetsdk.cpp:210]Enter CLIENT_SetConnectTime:[nWaitTime=5000, nTryTimes=1].
[2021-06-10T21:13:15.864 info Netsdk:48184 54960:29348 dhnetsdk.cpp:223]Leave CLIENT_SetConnectTime.
[2021-06-10T21:13:15.885 info Netsdk:48184 54960:29348 dhnetsdk.cpp:234]Enter CLIENT_SetNetworkParam:[nWaittime=0, nConnectTime=10000, nConnectTryNum=0, nSubConnectSpaceTime=0, nGetDevInfoTime=0, nConnectBufSize=0, nGetConnInfoTime=3000, nSearchRecordTime=0, nsubDisconnetTime=0, byNetType=0, byPlaybackBufSize=0, bDetectDisconnTime=0, bKeepLifeInterval=0, nPicBufSize=0].
[2021-06-10T21:13:15.885 info Netsdk:48184 54960:29348 dhnetsdk.cpp:249]Leave CLIENT_SetNetworkParam.
[2021-06-10T21:13:15.887 info Netsdk:48184 54960:29348 dhnetsdk.cpp:809]Enter CLIENT_LoginWithHighLevelSecurity. pstInParam:0000000001387000, pstOutParam:000000000136DF40.
[2021-06-10T21:13:15.887 info Netsdk:48184 54960:29348 dhnetsdk.cpp:825]IP:219.245.19.120, port:37777, SpeCap:0, CapParam:0000000000000000.
[2021-06-10T21:13:16.107 info Netsdk:48184 54960:29348 dhnetsdk.cpp:871]Leave CLIENT_LoginWithHighLevelSecurity. error:0, login ID:0000000022360120.
[2021-06-10T21:13:16.109 info Netsdk:48184 54960:29348 dhnetsdk.cpp:9492]Enter CLIENT_RealLoadPictureEx. lLoginID:0000000022360120, nChannelID:0, dwAlarmType:1, bNeedPicFile:1, cbAnalyzerData:0000000022230090, dwUser:0000000000000000, Reserved:0000000000000000.
[2021-06-10T21:13:16.110 info Netsdk:48184 54960:29348 Utils.cpp:4809]mutil NIC client
[2021-06-10T21:13:16.121 info Netsdk:48184 54960:29348 DevConfigEx.cpp:10179]IN SetupSession PORT=0 and PORT: 37777
[2021-06-10T21:13:16.145 info Netsdk:48184 54960:29348 dhnetsdk.cpp:9511]Leave CLIENT_RealLoadPictureEx. ret:574051200.
[2021-06-10T21:13:16.145 info Netsdk:48184 54960:29348 dhnetsdk.cpp:9492]Enter CLIENT_RealLoadPictureEx. lLoginID:0000000022360120, nChannelID:0, dwAlarmType:1, bNeedPicFile:1, cbAnalyzerData:00000000222300D0, dwUser:0000000000000000, Reserved:0000000000000000.
[2021-06-10T21:13:16.147 info Netsdk:48184 54960:29348 Utils.cpp:4809]mutil NIC client
[2021-06-10T21:13:16.152 info Netsdk:48184 54960:29348 DevConfigEx.cpp:10179]IN SetupSession PORT=0 and PORT: 37777
[2021-06-10T21:13:16.183 info Netsdk:48184 54960:29348 dhnetsdk.cpp:9511]Leave CLIENT_RealLoadPictureEx. ret:574054064.
[2021-06-10T21:13:16.457 info Netsdk:48184 54960:63756 dhnetsdk.cpp:136]Enter CLIENT_InitEx:[cbDisConnect=0000000022230110, dwUser=0000000000000000, lpInitParam=0000000000000000].
[2021-06-10T21:13:16.457 info Netsdk:48184 54960:63756 AVNetSDKMgr.cpp:687]Test avnetsdk module handle: 0000000025D20000

[2021-06-10T21:13:16.457 info Netsdk:48184 54960:63756 dhnetsdk.cpp:159]Leave CLIENT_InitEx.
[2021-06-10T21:13:16.571 info Netsdk:48184 54960:63756 Manager.cpp:13823]-------------------Log file reset, log number:10-log size:10240------------------
