Begin Time:2021-06-10T22:01:56.993
[2021-06-10T22:01:56.993 info Netsdk:48184 123628:131256 AVNetSDKMgr.cpp:378]Load avnetsdk library dynamically
[2021-06-10T22:01:57.001 info Netsdk:48184 123628:131256 AVNetSDKMgr.cpp:402]avnetsdk module handle: 00000000290E0000

[2021-06-10T22:01:57.001 info Netsdk:48184 123628:131256 AVNetSDKMgr.cpp:734]Load configsdk dynamically
[2021-06-10T22:01:57.005 info Netsdk:48184 123628:131256 dhnetsdk.cpp:190]Enter CLIENT_SetAutoReconnect:[cbAutoConnect=0000000025650050, dwUser=0000000000000000].
[2021-06-10T22:01:57.005 info Netsdk:48184 123628:131256 dhnetsdk.cpp:192]Leave CLIENT_SetAutoReconnect.
[2021-06-10T22:01:57.005 info Netsdk:48184 123628:131256 dhnetsdk.cpp:210]Enter CLIENT_SetConnectTime:[nWaitTime=5000, nTryTimes=1].
[2021-06-10T22:01:57.011 info Netsdk:48184 123628:131256 dhnetsdk.cpp:223]Leave CLIENT_SetConnectTime.
[2021-06-10T22:01:57.025 info Netsdk:48184 123628:131256 dhnetsdk.cpp:234]Enter CLIENT_SetNetworkParam:[nWaittime=0, nConnectTime=10000, nConnectTryNum=0, nSubConnectSpaceTime=0, nGetDevInfoTime=0, nConnectBufSize=0, nGetConnInfoTime=3000, nSearchRecordTime=0, nsubDisconnetTime=0, byNetType=0, byPlaybackBufSize=0, bDetectDisconnTime=0, bKeepLifeInterval=0, nPicBufSize=0].
[2021-06-10T22:01:57.025 info Netsdk:48184 123628:131256 dhnetsdk.cpp:249]Leave CLIENT_SetNetworkParam.
[2021-06-10T22:01:57.027 info Netsdk:48184 123628:131256 dhnetsdk.cpp:809]Enter CLIENT_LoginWithHighLevelSecurity. pstInParam:0000000000A05F20, pstOutParam:0000000000A5CF00.
[2021-06-10T22:01:57.027 info Netsdk:48184 123628:131256 dhnetsdk.cpp:825]IP:219.245.19.120, port:37777, SpeCap:0, CapParam:0000000000000000.
[2021-06-10T22:01:57.624 info Netsdk:48184 123628:131256 dhnetsdk.cpp:871]Leave CLIENT_LoginWithHighLevelSecurity. error:0, login ID:00000000257A0120.
[2021-06-10T22:01:57.627 info Netsdk:48184 123628:131256 dhnetsdk.cpp:9492]Enter CLIENT_RealLoadPictureEx. lLoginID:00000000257A0120, nChannelID:0, dwAlarmType:1, bNeedPicFile:1, cbAnalyzerData:0000000025650090, dwUser:0000000000000000, Reserved:0000000000000000.
[2021-06-10T22:01:57.628 info Netsdk:48184 123628:131256 Utils.cpp:4809]mutil NIC client
[2021-06-10T22:01:57.639 info Netsdk:48184 123628:131256 DevConfigEx.cpp:10179]IN SetupSession PORT=0 and PORT: 37777
[2021-06-10T22:01:57.665 info Netsdk:48184 123628:131256 dhnetsdk.cpp:9511]Leave CLIENT_RealLoadPictureEx. ret:628050096.
[2021-06-10T23:51:30.631 error Netsdk:48184 123628:131276 TcpSocket.cpp:824]Heartbeat failed, second:60
[2021-06-10T23:51:30.631 error Netsdk:48184 123628:131276 TcpSocket.cpp:824]Heartbeat failed, second:60
[2021-06-10T23:55:08.322 error Netsdk:48184 123628:131276 dvrdevice.cpp:8280]Reconnect device timeout(5000)
[2021-06-10T23:59:01.942 error Netsdk:48184 123628:109328 TPIOCPMultiplexer.cpp:119]receive data result, GetQueuedCompletionStatus error:121
[2021-06-10T23:59:01.942 error Netsdk:48184 123628:109328 TPObject.cpp:102]Receive error, ret:-1, err:10054
[2021-06-10T23:59:01.942 error Netsdk:48184 123628:109328 TPTCPClient.cpp:142]Receive to iocp error
[2021-06-10T23:59:01.942 error Netsdk:48184 123628:109328 TPTCPClient.cpp:184]Disconnect, ip:219.245.19.120, port is 37777
[2021-06-11T00:02:14.169 error Netsdk:48184 123628:131276 TcpSocket.cpp:824]Heartbeat failed, second:60
[2021-06-11T00:02:32.613 error Netsdk:48184 123628:109328 TPIOCPMultiplexer.cpp:119]receive data result, GetQueuedCompletionStatus error:121
[2021-06-11T00:02:32.613 error Netsdk:48184 123628:109328 TPTCPClient.cpp:156]Device is not online
[2021-06-11T00:02:33.619 error Netsdk:48184 123628:109328 TPIOCPMultiplexer.cpp:119]receive data result, GetQueuedCompletionStatus error:121
[2021-06-11T00:02:33.619 error Netsdk:48184 123628:109328 TPObject.cpp:102]Receive error, ret:-1, err:10054
[2021-06-11T00:02:33.619 error Netsdk:48184 123628:109328 TPTCPClient.cpp:142]Receive to iocp error
[2021-06-11T00:02:33.619 error Netsdk:48184 123628:109328 TPTCPClient.cpp:184]Disconnect, ip:219.245.19.120, port is 37777
[2021-06-11T00:06:01.795 error Netsdk:48184 123628:109328 TPIOCPMultiplexer.cpp:119]receive data result, GetQueuedCompletionStatus error:121
[2021-06-11T00:06:01.795 error Netsdk:48184 123628:109328 TPObject.cpp:102]Receive error, ret:-1, err:10054
[2021-06-11T00:06:01.795 error Netsdk:48184 123628:109328 TPTCPClient.cpp:142]Receive to iocp error
[2021-06-11T00:06:01.795 error Netsdk:48184 123628:109328 TPTCPClient.cpp:184]Disconnect, ip:219.245.19.120, port is 37777
