Begin Time:2021-06-10T21:15:11.590
[2021-06-10T21:15:11.590 info Netsdk:48184 38792:65668 AVNetSDKMgr.cpp:378]Load avnetsdk library dynamically
[2021-06-10T21:15:11.600 info Netsdk:48184 38792:65668 AVNetSDKMgr.cpp:402]avnetsdk module handle: 0000000025C90000

[2021-06-10T21:15:11.600 info Netsdk:48184 38792:65668 AVNetSDKMgr.cpp:734]Load configsdk dynamically
[2021-06-10T21:15:11.604 info Netsdk:48184 38792:65668 dhnetsdk.cpp:190]Enter CLIENT_SetAutoReconnect:[cbAutoConnect=00000000220D0050, dwUser=0000000000000000].
[2021-06-10T21:15:11.604 info Netsdk:48184 38792:65668 dhnetsdk.cpp:192]Leave CLIENT_SetAutoReconnect.
[2021-06-10T21:15:11.605 info Netsdk:48184 38792:65668 dhnetsdk.cpp:210]Enter CLIENT_SetConnectTime:[nWaitTime=5000, nTryTimes=1].
[2021-06-10T21:15:11.611 info Netsdk:48184 38792:65668 dhnetsdk.cpp:223]Leave CLIENT_SetConnectTime.
[2021-06-10T21:15:11.661 info Netsdk:48184 38792:65668 dhnetsdk.cpp:234]Enter CLIENT_SetNetworkParam:[nWaittime=0, nConnectTime=10000, nConnectTryNum=0, nSubConnectSpaceTime=0, nGetDevInfoTime=0, nConnectBufSize=0, nGetConnInfoTime=3000, nSearchRecordTime=0, nsubDisconnetTime=0, byNetType=0, byPlaybackBufSize=0, bDetectDisconnTime=0, bKeepLifeInterval=0, nPicBufSize=0].
[2021-06-10T21:15:11.661 info Netsdk:48184 38792:65668 dhnetsdk.cpp:249]Leave CLIENT_SetNetworkParam.
[2021-06-10T21:15:11.663 info Netsdk:48184 38792:65668 dhnetsdk.cpp:809]Enter CLIENT_LoginWithHighLevelSecurity. pstInParam:0000000001299DA0, pstOutParam:00000000012D7180.
[2021-06-10T21:15:11.663 info Netsdk:48184 38792:65668 dhnetsdk.cpp:825]IP:219.245.19.120, port:37777, SpeCap:0, CapParam:0000000000000000.
[2021-06-10T21:15:12.567 info Netsdk:48184 38792:65668 dhnetsdk.cpp:871]Leave CLIENT_LoginWithHighLevelSecurity. error:0, login ID:000000002225F120.
[2021-06-10T21:15:12.569 info Netsdk:48184 38792:65668 dhnetsdk.cpp:9492]Enter CLIENT_RealLoadPictureEx. lLoginID:000000002225F120, nChannelID:0, dwAlarmType:1, bNeedPicFile:1, cbAnalyzerData:00000000220D0090, dwUser:0000000000000000, Reserved:0000000000000000.
[2021-06-10T21:15:12.570 info Netsdk:48184 38792:65668 Utils.cpp:4809]mutil NIC client
[2021-06-10T21:15:12.575 info Netsdk:48184 38792:65668 DevConfigEx.cpp:10179]IN SetupSession PORT=0 and PORT: 37777
[2021-06-10T21:15:12.609 info Netsdk:48184 38792:65668 dhnetsdk.cpp:9511]Leave CLIENT_RealLoadPictureEx. ret:573019552.
[2021-06-10T21:15:12.872 info Netsdk:48184 38792:71560 dhnetsdk.cpp:136]Enter CLIENT_InitEx:[cbDisConnect=00000000220D00D0, dwUser=0000000000000000, lpInitParam=0000000000000000].
[2021-06-10T21:15:12.872 info Netsdk:48184 38792:71560 AVNetSDKMgr.cpp:687]Test avnetsdk module handle: 0000000025C90000

[2021-06-10T21:15:12.872 info Netsdk:48184 38792:71560 dhnetsdk.cpp:159]Leave CLIENT_InitEx.
[2021-06-10T21:15:12.985 info Netsdk:48184 38792:71560 Manager.cpp:13823]-------------------Log file reset, log number:10-log size:10240------------------
