Begin Time:2021-06-10T21:12:20.935
[2021-06-10T21:12:20.935 info Netsdk:48184 61368:42968 AVNetSDKMgr.cpp:378]Load avnetsdk library dynamically
[2021-06-10T21:12:20.945 info Netsdk:48184 61368:42968 AVNetSDKMgr.cpp:402]avnetsdk module handle: 0000000025900000

[2021-06-10T21:12:20.945 info Netsdk:48184 61368:42968 AVNetSDKMgr.cpp:734]Load configsdk dynamically
[2021-06-10T21:12:20.949 info Netsdk:48184 61368:42968 dhnetsdk.cpp:190]Enter CLIENT_SetAutoReconnect:[cbAutoConnect=0000000003090050, dwUser=0000000000000000].
[2021-06-10T21:12:20.949 info Netsdk:48184 61368:42968 dhnetsdk.cpp:192]Leave CLIENT_SetAutoReconnect.
[2021-06-10T21:12:20.950 info Netsdk:48184 61368:42968 dhnetsdk.cpp:210]Enter CLIENT_SetConnectTime:[nWaitTime=5000, nTryTimes=1].
[2021-06-10T21:12:20.956 info Netsdk:48184 61368:42968 dhnetsdk.cpp:223]Leave CLIENT_SetConnectTime.
[2021-06-10T21:12:20.984 info Netsdk:48184 61368:42968 dhnetsdk.cpp:234]Enter CLIENT_SetNetworkParam:[nWaittime=0, nConnectTime=10000, nConnectTryNum=0, nSubConnectSpaceTime=0, nGetDevInfoTime=0, nConnectBufSize=0, nGetConnInfoTime=3000, nSearchRecordTime=0, nsubDisconnetTime=0, byNetType=0, byPlaybackBufSize=0, bDetectDisconnTime=0, bKeepLifeInterval=0, nPicBufSize=0].
[2021-06-10T21:12:20.984 info Netsdk:48184 61368:42968 dhnetsdk.cpp:249]Leave CLIENT_SetNetworkParam.
[2021-06-10T21:12:20.986 info Netsdk:48184 61368:42968 dhnetsdk.cpp:809]Enter CLIENT_LoginWithHighLevelSecurity. pstInParam:0000000000EB4F00, pstOutParam:0000000000EE0C90.
[2021-06-10T21:12:20.986 info Netsdk:48184 61368:42968 dhnetsdk.cpp:825]IP:219.245.19.120, port:37777, SpeCap:0, CapParam:0000000000000000.
[2021-06-10T21:12:21.724 info Netsdk:48184 61368:42968 dhnetsdk.cpp:871]Leave CLIENT_LoginWithHighLevelSecurity. error:0, login ID:000000002B530090.
[2021-06-10T21:12:21.726 info Netsdk:48184 61368:42968 dhnetsdk.cpp:9492]Enter CLIENT_RealLoadPictureEx. lLoginID:000000002B530090, nChannelID:0, dwAlarmType:1, bNeedPicFile:1, cbAnalyzerData:0000000003090090, dwUser:0000000000000000, Reserved:0000000000000000.
[2021-06-10T21:12:21.727 info Netsdk:48184 61368:42968 Utils.cpp:4809]mutil NIC client
[2021-06-10T21:12:21.731 info Netsdk:48184 61368:42968 DevConfigEx.cpp:10179]IN SetupSession PORT=0 and PORT: 37777
[2021-06-10T21:12:21.764 info Netsdk:48184 61368:42968 dhnetsdk.cpp:9511]Leave CLIENT_RealLoadPictureEx. ret:726948160.
[2021-06-10T21:12:21.764 info Netsdk:48184 61368:42968 dhnetsdk.cpp:9492]Enter CLIENT_RealLoadPictureEx. lLoginID:000000002B530090, nChannelID:0, dwAlarmType:1, bNeedPicFile:1, cbAnalyzerData:00000000030900D0, dwUser:0000000000000000, Reserved:0000000000000000.
[2021-06-10T21:12:21.766 info Netsdk:48184 61368:42968 Utils.cpp:4809]mutil NIC client
[2021-06-10T21:12:21.774 info Netsdk:48184 61368:42968 DevConfigEx.cpp:10179]IN SetupSession PORT=0 and PORT: 37777
[2021-06-10T21:12:21.808 info Netsdk:48184 61368:42968 dhnetsdk.cpp:9511]Leave CLIENT_RealLoadPictureEx. ret:727207040.
[2021-06-10T21:12:22.069 info Netsdk:48184 61368:54028 dhnetsdk.cpp:136]Enter CLIENT_InitEx:[cbDisConnect=0000000003090110, dwUser=0000000000000000, lpInitParam=0000000000000000].
[2021-06-10T21:12:22.069 info Netsdk:48184 61368:54028 AVNetSDKMgr.cpp:687]Test avnetsdk module handle: 0000000025900000

[2021-06-10T21:12:22.069 info Netsdk:48184 61368:54028 dhnetsdk.cpp:159]Leave CLIENT_InitEx.
[2021-06-10T21:12:22.182 info Netsdk:48184 61368:54028 Manager.cpp:13823]-------------------Log file reset, log number:10-log size:10240------------------
