Begin Time:2021-06-10T21:13:48.534
[2021-06-10T21:13:48.534 info Netsdk:48184 68320:66664 AVNetSDKMgr.cpp:378]Load avnetsdk library dynamically
[2021-06-10T21:13:48.542 info Netsdk:48184 68320:66664 AVNetSDKMgr.cpp:402]avnetsdk module handle: 0000000024ED0000

[2021-06-10T21:13:48.542 info Netsdk:48184 68320:66664 AVNetSDKMgr.cpp:734]Load configsdk dynamically
[2021-06-10T21:13:48.546 info Netsdk:48184 68320:66664 dhnetsdk.cpp:190]Enter CLIENT_SetAutoReconnect:[cbAutoConnect=00000000219F0050, dwUser=0000000000000000].
[2021-06-10T21:13:48.546 info Netsdk:48184 68320:66664 dhnetsdk.cpp:192]Leave CLIENT_SetAutoReconnect.
[2021-06-10T21:13:48.546 info Netsdk:48184 68320:66664 dhnetsdk.cpp:210]Enter CLIENT_SetConnectTime:[nWaitTime=5000, nTryTimes=1].
[2021-06-10T21:13:48.552 info Netsdk:48184 68320:66664 dhnetsdk.cpp:223]Leave CLIENT_SetConnectTime.
[2021-06-10T21:13:48.568 info Netsdk:48184 68320:66664 dhnetsdk.cpp:234]Enter CLIENT_SetNetworkParam:[nWaittime=0, nConnectTime=10000, nConnectTryNum=0, nSubConnectSpaceTime=0, nGetDevInfoTime=0, nConnectBufSize=0, nGetConnInfoTime=3000, nSearchRecordTime=0, nsubDisconnetTime=0, byNetType=0, byPlaybackBufSize=0, bDetectDisconnTime=0, bKeepLifeInterval=0, nPicBufSize=0].
[2021-06-10T21:13:48.569 info Netsdk:48184 68320:66664 dhnetsdk.cpp:249]Leave CLIENT_SetNetworkParam.
[2021-06-10T21:13:48.570 info Netsdk:48184 68320:66664 dhnetsdk.cpp:809]Enter CLIENT_LoginWithHighLevelSecurity. pstInParam:0000000027A409D0, pstOutParam:000000000055A610.
[2021-06-10T21:13:48.570 info Netsdk:48184 68320:66664 dhnetsdk.cpp:825]IP:219.245.19.120, port:37777, SpeCap:0, CapParam:0000000000000000.
[2021-06-10T21:13:48.751 info Netsdk:48184 68320:66664 dhnetsdk.cpp:871]Leave CLIENT_LoginWithHighLevelSecurity. error:0, login ID:00000000214B0120.
[2021-06-10T21:13:48.753 info Netsdk:48184 68320:66664 dhnetsdk.cpp:9492]Enter CLIENT_RealLoadPictureEx. lLoginID:00000000214B0120, nChannelID:0, dwAlarmType:1, bNeedPicFile:1, cbAnalyzerData:00000000219F0090, dwUser:0000000000000000, Reserved:0000000000000000.
[2021-06-10T21:13:48.754 info Netsdk:48184 68320:66664 Utils.cpp:4809]mutil NIC client
[2021-06-10T21:13:48.760 info Netsdk:48184 68320:66664 DevConfigEx.cpp:10179]IN SetupSession PORT=0 and PORT: 37777
[2021-06-10T21:13:48.784 info Netsdk:48184 68320:66664 dhnetsdk.cpp:9511]Leave CLIENT_RealLoadPictureEx. ret:558646448.
[2021-06-10T21:13:49.049 info Netsdk:48184 68320:63228 dhnetsdk.cpp:136]Enter CLIENT_InitEx:[cbDisConnect=00000000219F00D0, dwUser=0000000000000000, lpInitParam=0000000000000000].
[2021-06-10T21:13:49.049 info Netsdk:48184 68320:63228 AVNetSDKMgr.cpp:687]Test avnetsdk module handle: 0000000024ED0000

[2021-06-10T21:13:49.049 info Netsdk:48184 68320:63228 dhnetsdk.cpp:159]Leave CLIENT_InitEx.
[2021-06-10T21:13:49.163 info Netsdk:48184 68320:63228 Manager.cpp:13823]-------------------Log file reset, log number:10-log size:10240------------------
